Starting job 322043 on b[3185-3188] at Mon Mar 28 16:15:41 CEST 2022

start running log_Sc45_GCLSTsdpfsdgix5pn_j9p.txt ...

Task and CPU usage stats:
       JobID    JobName  AllocCPUS   NTasks     MinCPU MinCPUTask     AveCPU    Elapsed ExitCode 
------------ ---------- ---------- -------- ---------- ---------- ---------- ---------- -------- 
322043       Sc45_GCLS+        512                                             00:07:56      0:0 
322043.batch      batch        128        1   00:00:01          0   00:00:01   00:07:56      0:0 
322043.exte+     extern        512        4   00:00:00          3   00:00:00   00:07:57      0:0 
322043.0     hydra_bst+        512        4 1-07:35:17          2 1-08:19:24   00:07:54      0:0 

Memory usage stats:
       JobID     MaxRSS MaxRSSTask     AveRSS MaxPages   MaxPagesTask   AvePages 
------------ ---------- ---------- ---------- -------- -------------- ---------- 
322043                                                                           
322043.batch      8634K          0      8634K        9              0          9 
322043.exte+       835K          2    833.50K        1              3          1 
322043.0       2970873K          3 3039746304       52              2         49 

Disk usage stats:
       JobID  MaxDiskRead MaxDiskReadTask    AveDiskRead MaxDiskWrite MaxDiskWriteTask   AveDiskWrite 
------------ ------------ --------------- -------------- ------------ ---------------- -------------- 
322043                                                                                                
322043.batch       21.00M               0         21.00M       11.61M                0         11.61M 
322043.exte+        0.00M               3          0.00M            0                3              0 
322043.0           54.73M               0         46.41M      166.78M                0        149.20M 

Job 322043 completed at Mon Mar 28 16:23:38 CEST 2022
