Starting job 323645 on b[3334-3336,4376] at Tue Mar 29 14:51:51 CEST 2022

start running log_Sc45_GCLSTsdpfsdgix5pn_tr_j15p_j15p.txt ...

Task and CPU usage stats:
       JobID    JobName  AllocCPUS   NTasks     MinCPU MinCPUTask     AveCPU    Elapsed ExitCode 
------------ ---------- ---------- -------- ---------- ---------- ---------- ---------- -------- 
323645           15p15p        512                                             00:02:02      0:0 
323645.batch      batch        128        1   00:00:00          0   00:00:00   00:02:02      0:0 
323645.exte+     extern        512        4   00:00:00          1   00:00:00   00:02:02      0:0 
323645.0     hydra_bst+        512        4   07:58:07          2   07:58:22   00:02:00      0:0 

Memory usage stats:
       JobID     MaxRSS MaxRSSTask     AveRSS MaxPages   MaxPagesTask   AvePages 
------------ ---------- ---------- ---------- -------- -------------- ---------- 
323645                                                                           
323645.batch      8506K          0      8506K        9              0          9 
323645.exte+       833K          2    830.50K        1              1          1 
323645.0       1847856K          2 1880424192       53              0         49 

Disk usage stats:
       JobID  MaxDiskRead MaxDiskReadTask    AveDiskRead MaxDiskWrite MaxDiskWriteTask   AveDiskWrite 
------------ ------------ --------------- -------------- ------------ ---------------- -------------- 
323645                                                                                                
323645.batch       14.33M               0         14.33M        4.91M                0          4.91M 
323645.exte+        0.00M               1          0.00M            0                1              0 
323645.0          303.21M               0        296.06M       80.42M                0         69.41M 

Job 323645 completed at Tue Mar 29 14:53:54 CEST 2022
