Starting job 323597 on b[1251,3221,5270-5271] at Tue Mar 29 14:45:19 CEST 2022

start running log_Sc45_GCLSTsdpfsdgix5pn_tr_j5p_j5p.txt ...

Task and CPU usage stats:
       JobID    JobName  AllocCPUS   NTasks     MinCPU MinCPUTask     AveCPU    Elapsed ExitCode 
------------ ---------- ---------- -------- ---------- ---------- ---------- ---------- -------- 
323597             5p5p        512                                             00:05:03      0:0 
323597.batch      batch        128        1   00:00:00          0   00:00:00   00:05:03      0:0 
323597.exte+     extern        512        4   00:00:00          0   00:00:00   00:05:03      0:0 
323597.0     hydra_bst+        512        4   19:22:25          1   19:41:02   00:04:59      0:0 

Memory usage stats:
       JobID     MaxRSS MaxRSSTask     AveRSS MaxPages   MaxPagesTask   AvePages 
------------ ---------- ---------- ---------- -------- -------------- ---------- 
323597                                                                           
323597.batch      8576K          0      8576K        9              0          9 
323597.exte+       835K          1    831.50K        3              1          1 
323597.0       2603028K          2 2652171520       54              3         47 

Disk usage stats:
       JobID  MaxDiskRead MaxDiskReadTask    AveDiskRead MaxDiskWrite MaxDiskWriteTask   AveDiskWrite 
------------ ------------ --------------- -------------- ------------ ---------------- -------------- 
323597                                                                                                
323597.batch       14.35M               0         14.35M        4.91M                0          4.91M 
323597.exte+        0.00M               0          0.00M            0                0              0 
323597.0          970.24M               0        964.32M       75.28M                0         68.13M 

Job 323597 completed at Tue Mar 29 14:50:21 CEST 2022
