Starting job 321838 on b[1201-1216] at Mon Mar 28 14:05:24 CEST 2022

start running log_Sc45_GCLSTsdpfsdgix5pn_j11p.txt ...

Task and CPU usage stats:
       JobID    JobName  AllocCPUS   NTasks     MinCPU MinCPUTask     AveCPU    Elapsed ExitCode 
------------ ---------- ---------- -------- ---------- ---------- ---------- ---------- -------- 
321838       Sc45_GCLS+       2048                                             00:09:06      0:0 
321838.batch      batch        128        1   00:00:01          0   00:00:01   00:09:06      0:0 
321838.exte+     extern       2048       16   00:00:00         15   00:00:00   00:09:06      0:0 
321838.0     hydra_bst+       2048       16 1-10:13:10          0 1-13:10:11   00:09:04      0:0 

Memory usage stats:
       JobID     MaxRSS MaxRSSTask     AveRSS MaxPages   MaxPagesTask   AvePages 
------------ ---------- ---------- ---------- -------- -------------- ---------- 
321838                                                                           
321838.batch      9590K          0      9590K        9              0          9 
321838.exte+       845K          9     856704        3             11          1 
321838.0       2367772K          2 2404534656       56             15         49 

Disk usage stats:
       JobID  MaxDiskRead MaxDiskReadTask    AveDiskRead MaxDiskWrite MaxDiskWriteTask   AveDiskWrite 
------------ ------------ --------------- -------------- ------------ ---------------- -------------- 
321838                                                                                                
321838.batch       22.84M               0         22.84M       15.79M                0         15.79M 
321838.exte+        0.00M              15          0.00M            0               15              0 
321838.0           54.93M               0         44.51M      124.55M                0        102.93M 

Job 321838 completed at Mon Mar 28 14:14:30 CEST 2022
