Starting job 323613 on b[1246-1248,3382] at Tue Mar 29 14:48:24 CEST 2022

start running log_Sc45_GCLSTsdpfsdgix5pn_tr_j7p_j11p.txt ...

Task and CPU usage stats:
       JobID    JobName  AllocCPUS   NTasks     MinCPU MinCPUTask     AveCPU    Elapsed ExitCode 
------------ ---------- ---------- -------- ---------- ---------- ---------- ---------- -------- 
323613            7p11p        512                                             00:02:05      0:0 
323613.batch      batch        128        1   00:00:00          0   00:00:00   00:02:05      0:0 
323613.exte+     extern        512        4   00:00:00          3   00:00:00   00:02:05      0:0 
323613.0     hydra_bst+        512        4   06:54:25          1   07:30:42   00:02:03      0:0 

Memory usage stats:
       JobID     MaxRSS MaxRSSTask     AveRSS MaxPages   MaxPagesTask   AvePages 
------------ ---------- ---------- ---------- -------- -------------- ---------- 
323613                                                                           
323613.batch      8494K          0      8494K        9              0          9 
323613.exte+       835K          0       833K        1              3          1 
323613.0       2286315K          0 2282136.5+       57              3         54 

Disk usage stats:
       JobID  MaxDiskRead MaxDiskReadTask    AveDiskRead MaxDiskWrite MaxDiskWriteTask   AveDiskWrite 
------------ ------------ --------------- -------------- ------------ ---------------- -------------- 
323613                                                                                                
323613.batch        9.13M               0          9.13M        0.44M                0          0.44M 
323613.exte+        0.00M               3          0.00M            0                3              0 
323613.0          693.19M               1        688.90M       65.75M                0         65.75M 

Job 323613 completed at Tue Mar 29 14:50:30 CEST 2022
