Starting job 321947 on b[3205-3208] at Mon Mar 28 15:56:03 CEST 2022

start running log_Sc45_GCLSTsdpfsdgix5pn_j3p.txt ...

Task and CPU usage stats:
       JobID    JobName  AllocCPUS   NTasks     MinCPU MinCPUTask     AveCPU    Elapsed ExitCode 
------------ ---------- ---------- -------- ---------- ---------- ---------- ---------- -------- 
321947       Sc45_GCLS+        512                                             00:04:43      0:0 
321947.batch      batch        128        1   00:00:00          0   00:00:00   00:04:43      0:0 
321947.exte+     extern        512        4   00:00:00          3   00:00:00   00:04:43      0:0 
321947.0     hydra_bst+        512        4   17:20:11          3   18:29:48   00:04:40      0:0 

Memory usage stats:
       JobID     MaxRSS MaxRSSTask     AveRSS MaxPages   MaxPagesTask   AvePages 
------------ ---------- ---------- ---------- -------- -------------- ---------- 
321947                                                                           
321947.batch      8638K          0      8638K        9              0          9 
321947.exte+       835K          3       834K        1              3          1 
321947.0       5768408K          2 5604571904       53              3         49 

Disk usage stats:
       JobID  MaxDiskRead MaxDiskReadTask    AveDiskRead MaxDiskWrite MaxDiskWriteTask   AveDiskWrite 
------------ ------------ --------------- -------------- ------------ ---------------- -------------- 
321947                                                                                                
321947.batch       12.19M               0         12.19M        3.02M                0          3.02M 
321947.exte+        0.00M               3          0.00M            0                3              0 
321947.0           45.96M               0         44.04M       70.92M                0         67.04M 

Job 321947 completed at Mon Mar 28 16:00:46 CEST 2022
