Starting job 323638 on b[4372-4375] at Tue Mar 29 14:51:50 CEST 2022

start running log_Sc45_GCLSTsdpfsdgix5pn_tr_j13p_j17p.txt ...

Task and CPU usage stats:
       JobID    JobName  AllocCPUS   NTasks     MinCPU MinCPUTask     AveCPU    Elapsed ExitCode 
------------ ---------- ---------- -------- ---------- ---------- ---------- ---------- -------- 
323638           13p17p        512                                             00:04:20      0:0 
323638.batch      batch        128        1   00:00:00          0   00:00:00   00:04:20      0:0 
323638.exte+     extern        512        4   00:00:00          3   00:00:00   00:04:20      0:0 
323638.0     hydra_bst+        512        4   06:04:08          3   06:06:42   00:04:16      0:0 

Memory usage stats:
       JobID     MaxRSS MaxRSSTask     AveRSS MaxPages   MaxPagesTask   AvePages 
------------ ---------- ---------- ---------- -------- -------------- ---------- 
323638                                                                           
323638.batch      8630K          0      8630K        9              0          9 
323638.exte+       835K          3       833K        1              3          1 
323638.0       1887377K          0 1873909.5+       54              2         51 

Disk usage stats:
       JobID  MaxDiskRead MaxDiskReadTask    AveDiskRead MaxDiskWrite MaxDiskWriteTask   AveDiskWrite 
------------ ------------ --------------- -------------- ------------ ---------------- -------------- 
323638                                                                                                
323638.batch        9.61M               0          9.61M        0.44M                0          0.44M 
323638.exte+        0.00M               3          0.00M            0                3              0 
323638.0          309.57M               1        306.99M       65.75M                0         65.75M 

Job 323638 completed at Tue Mar 29 14:56:10 CEST 2022
