Starting job 322567 on b[1347,1381,2392,4277] at Mon Mar 28 16:58:41 CEST 2022

start running log_Sc45_GCLSTsdpfsdgix5pn_tr_j1p_j3p.txt ...

Task and CPU usage stats:
       JobID    JobName  AllocCPUS   NTasks     MinCPU MinCPUTask     AveCPU    Elapsed ExitCode 
------------ ---------- ---------- -------- ---------- ---------- ---------- ---------- -------- 
322567             1p3p        512                                             00:05:02      0:0 
322567.batch      batch        128        1   00:00:00          0   00:00:00   00:05:02      0:0 
322567.exte+     extern        512        4   00:00:00          1   00:00:00   00:05:02      0:0 
322567.0     hydra_bst+        512        4   20:08:22          2   20:08:38   00:05:00      0:0 

Memory usage stats:
       JobID     MaxRSS MaxRSSTask     AveRSS MaxPages   MaxPagesTask   AvePages 
------------ ---------- ---------- ---------- -------- -------------- ---------- 
322567                                                                           
322567.batch      8650K          0      8650K        9              0          9 
322567.exte+       835K          0    654.50K        1              1          1 
322567.0       2752159K          1 2806357760       53              0         48 

Disk usage stats:
       JobID  MaxDiskRead MaxDiskReadTask    AveDiskRead MaxDiskWrite MaxDiskWriteTask   AveDiskWrite 
------------ ------------ --------------- -------------- ------------ ---------------- -------------- 
322567                                                                                                
322567.batch       14.45M               0         14.45M        4.91M                0          4.91M 
322567.exte+        0.00M               1          0.00M            0                1              0 
322567.0         1094.24M               0       1087.03M       75.22M                0         68.11M 

Job 322567 completed at Mon Mar 28 17:03:43 CEST 2022
