Starting job 323620 on b[5274-5277] at Tue Mar 29 14:48:54 CEST 2022

start running log_Sc45_GCLSTsdpfsdgix5pn_tr_j9p_j13p.txt ...

Task and CPU usage stats:
       JobID    JobName  AllocCPUS   NTasks     MinCPU MinCPUTask     AveCPU    Elapsed ExitCode 
------------ ---------- ---------- -------- ---------- ---------- ---------- ---------- -------- 
323620            9p13p        512                                             00:02:15      0:0 
323620.batch      batch        128        1   00:00:00          0   00:00:00   00:02:15      0:0 
323620.exte+     extern        512        4   00:00:00          1   00:00:00   00:02:15      0:0 
323620.0     hydra_bst+        512        4   07:07:51          3   07:08:49   00:02:12      0:0 

Memory usage stats:
       JobID     MaxRSS MaxRSSTask     AveRSS MaxPages   MaxPagesTask   AvePages 
------------ ---------- ---------- ---------- -------- -------------- ---------- 
323620                                                                           
323620.batch      8634K          0      8634K        9              0          9 
323620.exte+       835K          2       832K        1              1          1 
323620.0       2134097K          0 2174241536       56              3         49 

Disk usage stats:
       JobID  MaxDiskRead MaxDiskReadTask    AveDiskRead MaxDiskWrite MaxDiskWriteTask   AveDiskWrite 
------------ ------------ --------------- -------------- ------------ ---------------- -------------- 
323620                                                                                                
323620.batch        9.67M               0          9.67M        0.44M                0          0.44M 
323620.exte+        0.00M               1          0.00M            0                1              0 
323620.0          551.99M               0        548.98M       65.75M                0         65.75M 

Job 323620 completed at Tue Mar 29 14:51:09 CEST 2022
