Starting job 323635 on b[2384-2387] at Tue Mar 29 14:51:00 CEST 2022

start running log_Sc45_GCLSTsdpfsdgix5pn_tr_j13p_j15p.txt ...

Task and CPU usage stats:
       JobID    JobName  AllocCPUS   NTasks     MinCPU MinCPUTask     AveCPU    Elapsed ExitCode 
------------ ---------- ---------- -------- ---------- ---------- ---------- ---------- -------- 
323635           13p15p        512                                             00:03:32      0:0 
323635.batch      batch        128        1   00:00:00          0   00:00:00   00:03:32      0:0 
323635.exte+     extern        512        4   00:00:00          1   00:00:00   00:03:32      0:0 
323635.0     hydra_bst+        512        4   08:17:23          0   08:18:41   00:03:30      0:0 

Memory usage stats:
       JobID     MaxRSS MaxRSSTask     AveRSS MaxPages   MaxPagesTask   AvePages 
------------ ---------- ---------- ---------- -------- -------------- ---------- 
323635                                                                           
323635.batch      8630K          0      8630K        9              0          9 
323635.exte+       836K          2       834K        3              1          2 
323635.0       1931481K          2 1959489792       54              0         50 

Disk usage stats:
       JobID  MaxDiskRead MaxDiskReadTask    AveDiskRead MaxDiskWrite MaxDiskWriteTask   AveDiskWrite 
------------ ------------ --------------- -------------- ------------ ---------------- -------------- 
323635                                                                                                
323635.batch       14.22M               0         14.22M        4.91M                0          4.91M 
323635.exte+        0.00M               1          0.00M            0                1              0 
323635.0          358.53M               0        352.71M       74.93M                0         68.04M 

Job 323635 completed at Tue Mar 29 14:54:32 CEST 2022
