Starting job 322500 on b[1111,1146,2382,2393] at Mon Mar 28 16:46:36 CEST 2022

start running log_Sc45_GCLSTsdpfsdgix5pn_tr_j1p_j1p.txt ...

Task and CPU usage stats:
       JobID    JobName  AllocCPUS   NTasks     MinCPU MinCPUTask     AveCPU    Elapsed ExitCode 
------------ ---------- ---------- -------- ---------- ---------- ---------- ---------- -------- 
322500       Sc45_GCLS+        512                                             00:02:44      0:0 
322500.batch      batch        128        1   00:00:00          0   00:00:00   00:02:44      0:0 
322500.exte+     extern        512        4   00:00:00          0   00:00:00   00:02:44      0:0 
322500.0     hydra_bst+        512        4   10:58:49          3   10:59:03   00:02:42      0:0 

Memory usage stats:
       JobID     MaxRSS MaxRSSTask     AveRSS MaxPages   MaxPagesTask   AvePages 
------------ ---------- ---------- ---------- -------- -------------- ---------- 
322500                                                                           
322500.batch      8520K          0      8520K        9              0          9 
322500.exte+       835K          2       832K        1              0          1 
322500.0       2770363K          1 2745050.5+       52              0         49 

Disk usage stats:
       JobID  MaxDiskRead MaxDiskReadTask    AveDiskRead MaxDiskWrite MaxDiskWriteTask   AveDiskWrite 
------------ ------------ --------------- -------------- ------------ ---------------- -------------- 
322500                                                                                                
322500.batch        9.11M               0          9.11M        0.44M                0          0.44M 
322500.exte+        0.00M               0          0.00M            0                0              0 
322500.0         1117.39M               1       1111.52M       65.75M                0         65.75M 

Job 322500 completed at Mon Mar 28 16:49:21 CEST 2022
