Starting job 323598 on b[3233-3234,5147-5148] at Tue Mar 29 14:45:36 CEST 2022

start running log_Sc45_GCLSTsdpfsdgix5pn_tr_j5p_j7p.txt ...

Task and CPU usage stats:
       JobID    JobName  AllocCPUS   NTasks     MinCPU MinCPUTask     AveCPU    Elapsed ExitCode 
------------ ---------- ---------- -------- ---------- ---------- ---------- ---------- -------- 
323598             5p7p        512                                             00:04:32      0:0 
323598.batch      batch        128        1   00:00:00          0   00:00:00   00:04:32      0:0 
323598.exte+     extern        512        4   00:00:00          3   00:00:00   00:04:33      0:0 
323598.0     hydra_bst+        512        4   17:50:45          2   17:51:39   00:04:29      0:0 

Memory usage stats:
       JobID     MaxRSS MaxRSSTask     AveRSS MaxPages   MaxPagesTask   AvePages 
------------ ---------- ---------- ---------- -------- -------------- ---------- 
323598                                                                           
323598.batch      8515K          0      8515K        9              0          9 
323598.exte+       835K          3     852224        1              3          1 
323598.0       2536013K          3 2587621120       61              3         54 

Disk usage stats:
       JobID  MaxDiskRead MaxDiskReadTask    AveDiskRead MaxDiskWrite MaxDiskWriteTask   AveDiskWrite 
------------ ------------ --------------- -------------- ------------ ---------------- -------------- 
323598                                                                                                
323598.batch       14.05M               0         14.05M        4.91M                0          4.91M 
323598.exte+        0.00M               3          0.00M            0                3              0 
323598.0          906.43M               0        900.25M       75.03M                0         68.06M 

Job 323598 completed at Tue Mar 29 14:50:09 CEST 2022
