Starting job 323628 on b[5238-5241] at Tue Mar 29 14:49:56 CEST 2022

start running log_Sc45_GCLSTsdpfsdgix5pn_tr_j11p_j15p.txt ...

Task and CPU usage stats:
       JobID    JobName  AllocCPUS   NTasks     MinCPU MinCPUTask     AveCPU    Elapsed ExitCode 
------------ ---------- ---------- -------- ---------- ---------- ---------- ---------- -------- 
323628           11p15p        512                                             00:01:22      0:0 
323628.batch      batch        128        1   00:00:00          0   00:00:00   00:01:22      0:0 
323628.exte+     extern        512        4   00:00:00          1   00:00:00   00:01:22      0:0 
323628.0     hydra_bst+        512        4   04:38:18          1   04:38:36   00:01:19      0:0 

Memory usage stats:
       JobID     MaxRSS MaxRSSTask     AveRSS MaxPages   MaxPagesTask   AvePages 
------------ ---------- ---------- ---------- -------- -------------- ---------- 
323628                                                                           
323628.batch      8626K          0      8626K        9              0          9 
323628.exte+       835K          2       832K        3              2          1 
323628.0       1986892K          0 1981247.5+       56              0         52 

Disk usage stats:
       JobID  MaxDiskRead MaxDiskReadTask    AveDiskRead MaxDiskWrite MaxDiskWriteTask   AveDiskWrite 
------------ ------------ --------------- -------------- ------------ ---------------- -------------- 
323628                                                                                                
323628.batch        9.66M               0          9.66M        0.44M                0          0.44M 
323628.exte+        0.00M               1          0.00M            0                1              0 
323628.0          422.24M               1        418.84M       65.75M                0         65.75M 

Job 323628 completed at Tue Mar 29 14:51:18 CEST 2022
