Starting job 323626 on b[4221-4222,4224-4225] at Tue Mar 29 14:49:51 CEST 2022

start running log_Sc45_GCLSTsdpfsdgix5pn_tr_j11p_j13p.txt ...

Task and CPU usage stats:
       JobID    JobName  AllocCPUS   NTasks     MinCPU MinCPUTask     AveCPU    Elapsed ExitCode 
------------ ---------- ---------- -------- ---------- ---------- ---------- ---------- -------- 
323626           11p13p        512                                             00:02:39      0:0 
323626.batch      batch        128        1   00:00:00          0   00:00:00   00:02:39      0:0 
323626.exte+     extern        512        4   00:00:00          2   00:00:00   00:02:39      0:0 
323626.0     hydra_bst+        512        4   10:02:55          0   10:03:29   00:02:37      0:0 

Memory usage stats:
       JobID     MaxRSS MaxRSSTask     AveRSS MaxPages   MaxPagesTask   AvePages 
------------ ---------- ---------- ---------- -------- -------------- ---------- 
323626                                                                           
323626.batch      8685K          0      8685K        9              0          9 
323626.exte+       836K          0     853760        3              0          1 
323626.0       2068608K          1 2065096.5+       56              3         52 

Disk usage stats:
       JobID  MaxDiskRead MaxDiskReadTask    AveDiskRead MaxDiskWrite MaxDiskWriteTask   AveDiskWrite 
------------ ------------ --------------- -------------- ------------ ---------------- -------------- 
323626                                                                                                
323626.batch       14.46M               0         14.46M        4.91M                0          4.91M 
323626.exte+        0.00M               2          0.00M            0                2              0 
323626.0          483.32M               0        476.89M       75.07M                0         68.08M 

Job 323626 completed at Tue Mar 29 14:52:30 CEST 2022
