Starting job 323316 on b[2359-2360,2369-2370] at Tue Mar 29 13:09:53 CEST 2022

start running log_Sc45_GCLSTsdpfsdgix5pn_tr_j3p_j7p.txt ...

Task and CPU usage stats:
       JobID    JobName  AllocCPUS   NTasks     MinCPU MinCPUTask     AveCPU    Elapsed ExitCode 
------------ ---------- ---------- -------- ---------- ---------- ---------- ---------- -------- 
323316             3p7p        512                                             00:02:38      0:0 
323316.batch      batch        128        1   00:00:00          0   00:00:00   00:02:38      0:0 
323316.exte+     extern        512        4   00:00:00          3   00:00:00   00:02:39      0:0 
323316.0     hydra_bst+        512        4   09:58:18          0   10:05:27   00:02:36      0:0 

Memory usage stats:
       JobID     MaxRSS MaxRSSTask     AveRSS MaxPages   MaxPagesTask   AvePages 
------------ ---------- ---------- ---------- -------- -------------- ---------- 
323316                                                                           
323316.batch      8638K          0      8638K        9              0          9 
323316.exte+       835K          0       831K        1              3          1 
323316.0       2587106K          1 2574250.5+       57              1         52 

Disk usage stats:
       JobID  MaxDiskRead MaxDiskReadTask    AveDiskRead MaxDiskWrite MaxDiskWriteTask   AveDiskWrite 
------------ ------------ --------------- -------------- ------------ ---------------- -------------- 
323316                                                                                                
323316.batch        9.50M               0          9.50M        0.44M                0          0.44M 
323316.exte+        0.00M               3          0.00M            0                3              0 
323316.0          953.09M               2        947.40M       65.75M                0         65.75M 

Job 323316 completed at Tue Mar 29 13:12:32 CEST 2022
