Starting job 321839 on b[3149,3151,3153,3159-3165,3167-3169,3176-3178] at Mon Mar 28 14:07:01 CEST 2022

start running log_Sc45_GCLSTsdpfsdgix5pn_j13p.txt ...

Task and CPU usage stats:
       JobID    JobName  AllocCPUS   NTasks     MinCPU MinCPUTask     AveCPU    Elapsed ExitCode 
------------ ---------- ---------- -------- ---------- ---------- ---------- ---------- -------- 
321839       Sc45_GCLS+       2048                                             00:03:57      0:0 
321839.batch      batch        128        1   00:00:01          0   00:00:01   00:03:57      0:0 
321839.exte+     extern       2048       16   00:00:00          2   00:00:00   00:03:57      0:0 
321839.0     hydra_bst+       2048       16   14:14:12          0   15:32:22   00:03:53      0:0 

Memory usage stats:
       JobID     MaxRSS MaxRSSTask     AveRSS MaxPages   MaxPagesTask   AvePages 
------------ ---------- ---------- ---------- -------- -------------- ---------- 
321839                                                                           
321839.batch      9611K          0      9611K        9              0          9 
321839.exte+       844K         11     857216        3              3          2 
321839.0       2367422K          8 2413449152       55              6         48 

Disk usage stats:
       JobID  MaxDiskRead MaxDiskReadTask    AveDiskRead MaxDiskWrite MaxDiskWriteTask   AveDiskWrite 
------------ ------------ --------------- -------------- ------------ ---------------- -------------- 
321839                                                                                                
321839.batch       22.82M               0         22.82M       15.67M                0         15.67M 
321839.exte+        0.00M               2          0.00M            0                2              0 
321839.0           54.84M               0         44.53M      114.94M                0         93.64M 

Job 321839 completed at Mon Mar 28 14:10:58 CEST 2022
