Starting job 323652 on b[1143-1145,1147] at Tue Mar 29 14:52:51 CEST 2022

start running log_Sc45_GCLSTsdpfsdgix5pn_tr_j17p_j17p.txt ...

Task and CPU usage stats:
       JobID    JobName  AllocCPUS   NTasks     MinCPU MinCPUTask     AveCPU    Elapsed ExitCode 
------------ ---------- ---------- -------- ---------- ---------- ---------- ---------- -------- 
323652           17p17p        512                                             00:03:52      0:0 
323652.batch      batch        128        1   00:00:00          0   00:00:00   00:03:52      0:0 
323652.exte+     extern        512        4   00:00:00          0   00:00:00   00:03:52      0:0 
323652.0     hydra_bst+        512        4   06:38:59          0   06:51:58   00:03:50      0:0 

Memory usage stats:
       JobID     MaxRSS MaxRSSTask     AveRSS MaxPages   MaxPagesTask   AvePages 
------------ ---------- ---------- ---------- -------- -------------- ---------- 
323652                                                                           
323652.batch      8624K          0      8624K        9              0          9 
323652.exte+       833K          2       831K        3              1          1 
323652.0       1749997K          0   1744855K       54              1         47 

Disk usage stats:
       JobID  MaxDiskRead MaxDiskReadTask    AveDiskRead MaxDiskWrite MaxDiskWriteTask   AveDiskWrite 
------------ ------------ --------------- -------------- ------------ ---------------- -------------- 
323652                                                                                                
323652.batch       14.43M               0         14.43M        4.91M                0          4.91M 
323652.exte+        0.00M               0          0.00M            0                0              0 
323652.0          211.56M               0        206.28M       75.22M                0         68.11M 

Job 323652 completed at Tue Mar 29 14:56:43 CEST 2022
