Starting job 323608 on b[3334-3336,5242] at Tue Mar 29 14:47:18 CEST 2022

start running log_Sc45_GCLSTsdpfsdgix5pn_tr_j7p_j7p.txt ...

Task and CPU usage stats:
       JobID    JobName  AllocCPUS   NTasks     MinCPU MinCPUTask     AveCPU    Elapsed ExitCode 
------------ ---------- ---------- -------- ---------- ---------- ---------- ---------- -------- 
323608             7p7p        512                                             00:04:31      0:0 
323608.batch      batch        128        1   00:00:00          0   00:00:00   00:04:31      0:0 
323608.exte+     extern        512        4   00:00:00          3   00:00:00   00:04:31      0:0 
323608.0     hydra_bst+        512        4   17:30:34          3   17:55:07   00:04:29      0:0 

Memory usage stats:
       JobID     MaxRSS MaxRSSTask     AveRSS MaxPages   MaxPagesTask   AvePages 
------------ ---------- ---------- ---------- -------- -------------- ---------- 
323608                                                                           
323608.batch      8506K          0      8506K        9              0          9 
323608.exte+       835K          0       833K        1              3          1 
323608.0       2449074K          2 2498473728       59              3         54 

Disk usage stats:
       JobID  MaxDiskRead MaxDiskReadTask    AveDiskRead MaxDiskWrite MaxDiskWriteTask   AveDiskWrite 
------------ ------------ --------------- -------------- ------------ ---------------- -------------- 
323608                                                                                                
323608.batch       19.15M               0         19.15M        9.37M                0          9.37M 
323608.exte+        0.00M               3          0.00M            0                3              0 
323608.0          842.05M               0        835.60M       75.20M                0         68.11M 

Job 323608 completed at Tue Mar 29 14:51:50 CEST 2022
